<?xml version="1.0" encoding="UTF-8"?>
<testsuite xmlns:xsi="http://www.w3.org/2001/XMLSchema-instance" xsi:noNamespaceSchemaLocation="https://maven.apache.org/surefire/maven-surefire-plugin/xsd/surefire-test-report.xsd" name="com.cognizant.authenticationservice.model.AppUserTest" time="0" tests="15" errors="0" skipped="0" failures="0">
  <properties>
[...]
</properties>
  <testcase name="getAccounTest" classname="com.cognizant.authenticationservice.model.AppUserTest" time="0"/>
  <testcase name="getAccounname" classname="com.cognizant.authenticationservice.model.AppUserTest" time="0"/>
  <testcase name="setAmountTest" classname="com.cognizant.authenticationservice.model.AppUserTest" time="0"/>
  <testcase name="setNameTest" classname="com.cognizant.authenticationservice.model.AppUserTest" time="0"/>
  <testcase name="getNameTest" classname="com.cognizant.authenticationservice.model.AppUserTest" time="0"/>
  <testcase name="set" classname="com.cognizant.authenticationservice.model.AppUserTest" time="0"/>
  <testcase name="setisValidTest" classname="com.cognizant.authenticationservice.model.AppUserTest" time="0"/>
  <testcase name="toSringTest" classname="com.cognizant.authenticationservice.model.AppUserTest" time="0"/>
  <testcase name="getterIdNeg" classname="com.cognizant.authenticationservice.model.AppUserTest" time="0"/>
  <testcase name="getUserIdTest" classname="com.cognizant.authenticationservice.model.AppUserTest" time="0"/>
  <testcase name="setUserIdTest" classname="com.cognizant.authenticationservice.model.AppUserTest" time="0"/>
  <testcase name="getterPassTestNeg" classname="com.cognizant.authenticationservice.model.AppUserTest" time="0"/>
  <testcase name="setname" classname="com.cognizant.authenticationservice.model.AppUserTest" time="0"/>
  <testcase name="getAccountIdTest" classname="com.cognizant.authenticationservice.model.AppUserTest" time="0"/>
  <testcase name="setterIdTestNeg" classname="com.cognizant.authenticationservice.model.AppUserTest" time="0"/>
</testsuite>